2025-02-20 07:59:02,794 ERROR frappe Could not take error snapshot: characters_written
Site: erp-psd-demo
Form Dict: {'doc': '{"name":"Salary","creation":"2025-02-17 15:38:16.022167","modified":"2025-02-20 12:28:19.076382","modified_by":"Administrator","owner":"Administrator","docstatus":0,"idx":0,"search_fields":"employee_name","issingle":0,"is_virtual":0,"is_tree":0,"istable":0,"editable_grid":1,"track_changes":0,"module":"Custom","autoname":"format:{###}","naming_rule":"Expression","name_case":"","title_field":"employee_name","sort_field":"modified","sort_order":"DESC","read_only":0,"in_create":0,"allow_copy":0,"allow_rename":1,"allow_import":0,"hide_toolbar":0,"track_seen":0,"max_attachments":0,"document_type":"","engine":"InnoDB","default_print_format":"Custom Salary Slip","is_submittable":0,"show_name_in_global_search":0,"custom":1,"beta":0,"has_web_view":0,"allow_guest_to_view":0,"email_append_to":0,"show_title_field_in_link":1,"translated_doctype":1,"is_calendar_and_gantt":0,"quick_entry":0,"track_views":0,"allow_events_in_timeline":0,"allow_auto_repeat":0,"make_attachments_public":0,"default_view":"List","force_re_route_to_default_view":0,"show_preview_popup":0,"index_web_pages_for_search":1,"doctype":"DocType","fields":[{"name":"sqd0qesg5i","creation":"2025-02-17 15:38:16.022167","modified":"2025-02-20 12:28:19.076382","modified_by":"Administrator","owner":"Administrator","docstatus":0,"parent":"Salary","parentfield":"fields","parenttype":"DocType","idx":1,"fieldname":"employee_name","label":"Employee Name","fieldtype":"Link","options":"Employee List","search_index":0,"show_dashboard":0,"hidden":0,"set_only_once":0,"allow_in_quick_entry":0,"print_hide":0,"report_hide":0,"reqd":0,"bold":0,"in_global_search":0,"collapsible":0,"unique":0,"no_copy":0,"allow_on_submit":0,"show_preview_popup":0,"permlevel":0,"ignore_user_permissions":0,"columns":0,"in_list_view":0,"fetch_if_empty":0,"in_filter":0,"remember_last_selected_value":0,"ignore_xss_filter":0,"print_hide_if_no_value":0,"allow_bulk_edit":0,"in_standard_filter":0,"in_preview":0,"read_only":0,"precision":"","length":0,"translatable":0,"hide_border":0,"hide_days":0,"hide_seconds":0,"non_negative":0,"is_virtual":0,"sort_options":0,"make_attachment_public":0,"doctype":"DocField"},{"name":"i643hkciii","creation":"2025-02-17 15:38:16.022167","modified":"2025-02-20 12:28:19.076382","modified_by":"Administrator","owner":"Administrator","docstatus":0,"parent":"Salary","parentfield":"fields","parenttype":"DocType","idx":2,"fieldname":"column_break_t0qta","fieldtype":"Column Break","search_index":0,"show_dashboard":0,"hidden":0,"set_only_once":0,"allow_in_quick_entry":0,"print_hide":0,"report_hide":0,"reqd":0,"bold":0,"in_global_search":0,"collapsible":0,"unique":0,"no_copy":0,"allow_on_submit":0,"show_preview_popup":0,"permlevel":0,"ignore_user_permissions":0,"columns":0,"in_list_view":0,"fetch_if_empty":0,"in_filter":0,"remember_last_selected_value":0,"ignore_xss_filter":0,"print_hide_if_no_value":0,"allow_bulk_edit":0,"in_standard_filter":0,"in_preview":0,"read_only":0,"precision":"","length":0,"translatable":0,"hide_border":0,"hide_days":0,"hide_seconds":0,"non_negative":0,"is_virtual":0,"sort_options":0,"make_attachment_public":0,"doctype":"DocField"},{"name":"sqd0skfe15","creation":"2025-02-17 15:38:16.022167","modified":"2025-02-20 12:28:19.076382","modified_by":"Administrator","owner":"Administrator","docstatus":0,"parent":"Salary","parentfield":"fields","parenttype":"DocType","idx":3,"fieldname":"emp_code","label":"Employee Code","fieldtype":"Data","search_index":0,"show_dashboard":0,"hidden":0,"set_only_once":0,"allow_in_quick_entry":0,"print_hide":0,"report_hide":0,"reqd":0,"bold":0,"in_global_search":0,"collapsible":0,"unique":0,"no_copy":0,"allow_on_submit":0,"show_preview_popup":0,"permlevel":0,"ignore_user_permissions":0,"columns":0,"in_list_view":0,"fetch_if_empty":0,"in_filter":0,"remember_last_selected_value":0,"ignore_xss_filter":0,"print_hide_if_no_value":0,"allow_bulk_edit":0,"in_standard_filter":0,"in_preview":0,"read_only":0,"precision":"","length":0,"translatable":0,"hide_border":0,"hide_days":0,"hide_seconds":0,"non_negative":0,"is_virtual":0,"sort_options":0,"fetch_from":"employee_name.employee_code","make_attachment_public":0,"doctype":"DocField"},{"name":"8ebe5q2mjt","creation":"2025-02-17 15:38:16.022167","modified":"2025-02-20 12:28:19.076382","modified_by":"Administrator","owner":"Administrator","docstatus":0,"parent":"Salary","parentfield":"fields","parenttype":"DocType","idx":4,"fieldname":"date","label":"Date","fieldtype":"Date","search_index":0,"show_dashboard":0,"hidden":0,"set_only_once":0,"allow_in_quick_entry":0,"print_hide":0,"report_hide":0,"reqd":0,"bold":0,"in_global_search":0,"collapsible":0,"unique":0,"no_copy":0,"allow_on_submit":0,"show_preview_popup":0,"permlevel":0,"ignore_user_permissions":0,"columns":0,"default":"today","in_list_view":0,"fetch_if_empty":0,"in_filter":0,"remember_last_selected_value":0,"ignore_xss_filter":0,"print_hide_if_no_value":0,"allow_bulk_edit":0,"in_standard_filter":0,"in_preview":0,"read_only":0,"precision":"","length":0,"translatable":0,"hide_border":0,"hide_days":0,"hide_seconds":0,"non_negative":0,"is_virtual":0,"sort_options":0,"make_attachment_public":0,"doctype":"DocField"},{"name":"sqd0jv03ib","creation":"2025-02-17 15:38:16.022167","modified":"2025-02-20 12:28:19.076382","modified_by":"Administrator","owner":"Administrator","docstatus":0,"parent":"Salary","parentfield":"fields","parenttype":"DocType","idx":5,"fieldname":"team","label":"Team","fieldtype":"Data","search_index":0,"show_dashboard":0,"hidden":1,"set_only_once":0,"allow_in_quick_entry":0,"print_hide":0,"report_hide":0,"reqd":0,"bold":0,"in_global_search":0,"collapsible":0,"unique":0,"no_copy":0,"allow_on_submit":0,"show_preview_popup":0,"permlevel":0,"ignore_user_permissions":0,"columns":0,"in_list_view":0,"fetch_if_empty":0,"in_filter":0,"remember_last_selected_value":0,"ignore_xss_filter":0,"print_hide_if_no_value":0,"allow_bulk_edit":0,"in_standard_filter":0,"in_preview":0,"read_only":0,"precision":"","length":0,"translatable":0,"hide_border":0,"hide_days":0,"hide_seconds":0,"non_negative":0,"is_virtual":0,"sort_options":0,"fetch_from":"employee_name.team","make_attachment_public":0,"doctype":"DocField"},{"name":"sqd0ut1jdq","creation":"2025-02-17 15:38:16.022167","modified":"2025-02-20 12:28:19.076382","modified_by":"Administrator","owner":"Administrator","docstatus":0,"parent":"Salary","parentfield":"fields","parenttype":"DocType","idx":6,"fieldname":"team_leaderatl","label":"Team Leader/ATL","fieldtype":"Data","search_index":0,"show_dashboard":0,"hidden":1,"set_only_once":0,"allow_in_quick_entry":0,"print_hide":0,"report_hide":0,"reqd":0,"bold":0,"in_global_search":0,"collapsible":0,"unique":0,"no_copy":0,"allow_on_submit":0,"show_preview_popup":0,"permlevel":0,"ignore_user_permissions":0,"columns":0,"in_list_view":0,"fetch_if_empty":0,"in_filter":0,"remember_last_selected_value":0,"ignore_xss_filter":0,"print_hide_if_no_value":0,"allow_bulk_edit":0,"in_standard_filter":0,"in_preview":0,"read_only":0,"precision":"","length":0,"translatable":0,"hide_border":0,"hide_days":0,"hide_seconds":0,"non_negative":0,"is_virtual":0,"sort_options":0,"fetch_from":"employee_name.team_lead","make_attachment_public":0,"doctype":"DocField"},{"name":"sqd0qb2nfr","creation":"2025-02-17 15:38:16.022167","modified":"2025-02-20 12:28:19.076382","modified_by":"Administrator","owner":"Administrator","docstatus":0,"parent":"Salary","parentfield":"fields","parenttype":"DocType","idx":7,"fieldname":"manager","label":"Manager","fieldtype":"Data","search_index":0,"show_dashboard":0,"hidden":1,"set_only_once":0,"allow_in_quick_entry":0,"print_hide":0,"report_hide":0,"reqd":0,"bold":0,"in_global_search":0,"collapsible":0,"unique":0,"no_copy":0,"allow_on_submit":0,"show_preview_popup":0,"permlevel":0,"ignore_user_permissions":0,"columns":0,"in_list_view":0,"fetch_if_empty":0,"in_filter":0,"remember_last_selected_value":0,"ignore_xss_filter":0,"print_hide_if_no_value":0,"allow_bulk_edit":0,"in_standard_filter":0,"in_preview":0,"read_only":0,"precision":"","length":0,"translatable":0,"hide_border":0,"hide_days":0,"hide_seconds":0,"non_negative":0,"is_virtual":0,"sort_options":0,"fetch_from":"employee_name.manager","make_attachment_public":0,"doctype":"DocField"},{"name":"sqd0ugnhur","creation":"2025-02-17 15:38:16.022167","modified":"2025-02-20 12:28:19.076382","modified_by":"Administrator","owner":"Administrator","docstatus":0,"parent":"Salary","parentfield":"fields","parenttype":"DocType","idx":8,"fieldname":"salary_type","label":"Salary Type","fieldtype":"Data","search_index":0,"show_dashboard":0,"hidden":1,"set_only_once":0,"allow_in_quick_entry":0,"print_hide":0,"report_hide":0,"reqd":0,"bold":0,"in_global_search":0,"collapsible":0,"unique":0,"no_copy":0,"allow_on_submit":0,"show_preview_popup":0,"permlevel":0,"ignore_user_permissions":0,"columns":0,"in_list_view":0,"fetch_if_empty":0,"in_filter":0,"remember_last_selected_value":0,"ignore_xss_filter":0,"print_hide_if_no_value":0,"allow_bulk_edit":0,"in_standard_filter":0,"in_preview":0,"read_only":0,"precision":"","length":0,"translatable":0,"hide_border":0,"hide_days":0,"hide_seconds":0,"non_negative":0,"is_virtual":0,"sort_options":0,"fetch_from":"employee_name.cost_to_company_ctc","make_attachment_public":0,"doctype":"DocField"},{"name":"sqd0isu14i","creation":"2025-02-17 15:38:16.022167","modified":"2025-02-20 12:28:19.076382","modified_by":"Administrator","owner":"Administrator","docstatus":0,"parent":"Salary","parentfield":"fields","parenttype":"DocType","idx":9,"fieldname":"basic_salary","label":"Basic Salary","fieldtype":"Currency","search_index":0,"show_dashboard":0,"hidden":1,"set_only_once":0,"allow_in_quick_entry":0,"print_hide":0,"report_hide":0,"reqd":0,"bold":0,"in_global_search":0,"collapsible":0,"unique":0,"no_copy":0,"allow_on_submit":0,"show_preview_popup":0,"permlevel":0,"ignore_user_permissions":0,"columns":0,"in_list_view":0,"fetch_if_empty":0,"in_filter":0,"remember_last_selected_value":0,"ignore_xss_filter":0,"print_hide_if_no_value":0,"allow_bulk_edit":0,"in_standard_filter":0,"in_preview":0,"read_only":0,"precision":"","length":0,"translatable":0,"hide_border":0,"hide_days":0,"hide_seconds":0,"non_negative":0,"is_virtual":0,"sort_options":0,"make_attachment_public":0,"doctype":"DocField"},{"name":"sqd0v2u3am","creation":"2025-02-17 15:38:16.022167","modified":"2025-02-20 12:28:19.076382","modified_by":"Administrator","owner":"Administrator","docstatus":0,"parent":"Salary","parentfield":"fields","parenttype":"DocType","idx":10,"fieldname":"location","label":"Location","fieldtype":"Data","search_index":0,"show_dashboard":0,"hidden":1,"set_only_once":0,"allow_in_quick_entry":0,"print_hide":0,"report_hide":0,"reqd":0,"bold":0,"in_global_search":0,"collapsible":0,"unique":0,"no_copy":0,"allow_on_submit":0,"show_preview_popup":0,"permlevel":0,"ignore_user_permissions":0,"columns":0,"in_list_view":0,"fetch_if_empty":0,"in_filter":0,"remember_last_selected_value":0,"ignore_xss_filter":0,"print_hide_if_no_value":0,"allow_bulk_edit":0,"in_standard_filter":0,"in_preview":0,"read_only":0,"precision":"","length":0,"translatable":0,"hide_border":0,"hide_days":0,"hide_seconds":0,"non_negative":0,"is_virtual":0,"sort_options":0,"fetch_from":"employee_name.location","make_attachment_public":0,"doctype":"DocField"},{"name":"i5o6ugfj4v","creation":"2025-02-17 15:38:16.022167","modified":"2025-02-20 12:28:19.076382","modified_by":"Administrator","owner":"Administrator","docstatus":0,"parent":"Salary","parentfield":"fields","parenttype":"DocType","idx":11,"fieldname":"deduction_section","label":"Deduction","fieldtype":"Section Break","search_index":0,"show_dashboard":0,"hidden":0,"set_only_once":0,"allow_in_quick_entry":0,"print_hide":0,"report_hide":0,"reqd":0,"bold":0,"in_global_search":0,"collapsible":0,"unique":0,"no_copy":0,"allow_on_submit":0,"show_preview_popup":0,"permlevel":0,"ignore_user_permissions":0,"columns":0,"in_list_view":0,"fetch_if_empty":0,"in_filter":0,"remember_last_selected_value":0,"ignore_xss_filter":0,"print_hide_if_no_value":0,"allow_bulk_edit":0,"in_standard_filter":0,"in_preview":0,"read_only":0,"precision":"","length":0,"translatable":0,"hide_border":0,"hide_days":0,"hide_seconds":0,"non_negative":0,"is_virtual":0,"sort_options":0,"make_attachment_public":0,"doctype":"DocField"},{"name":"sqd0rdv9rl","creation":"2025-02-17 15:38:16.022167","modified":"2025-02-20 12:28:19.076382","modified_by":"Administrator","owner":"Administrator","docstatus":0,"parent":"Salary","parentfield":"fields","parenttype":"DocType","idx":12,"fieldname":"petrol_advance","label":"Petrol Advance","fieldtype":"Currency","search_index":0,"show_dashboard":0,"hidden":0,"set_only_once":0,"allow_in_quick_entry":0,"print_hide":0,"report_hide":0,"reqd":0,"bold":0,"in_global_search":0,"collapsible":0,"unique":0,"no_copy":0,"allow_on_submit":0,"show_preview_popup":0,"permlevel":0,"ignore_user_permissions":0,"columns":0,"in_list_view":0,"fetch_if_empty":0,"in_filter":0,"remember_last_selected_value":0,"ignore_xss_filter":0,"print_hide_if_no_value":0,"allow_bulk_edit":0,"in_standard_filter":0,"in_preview":0,"read_only":0,"precision":"","length":0,"translatable":0,"hide_border":0,"hide_days":0,"hide_seconds":0,"non_negative":0,"is_virtual":0,"sort_options":0,"make_attachment_public":0,"doctype":"DocField"},{"name":"sqd03io9vo","creation":"2025-02-17 15:38:16.022167","modified":"2025-02-20 12:28:19.076382","modified_by":"Administrator","owner":"Administrator","docstatus":0,"parent":"Salary","parentfield":"fields","parenttype":"DocType","idx":13,"fieldname":"salary_advance","label":"Salary Advance ","fieldtype":"Currency","search_index":0,"show_dashboard":0,"hidden":0,"set_only_once":0,"allow_in_quick_entry":0,"print_hide":0,"report_hide":0,"reqd":0,"bold":0,"in_global_search":0,"collapsible":0,"unique":0,"no_copy":0,"allow_on_submit":0,"show_preview_popup":0,"permlevel":0,"ignore_user_permissions":0,"columns":0,"in_list_view":0,"fetch_if_empty":0,"in_filter":0,"remember_last_selected_value":0,"ignore_xss_filter":0,"print_hide_if_no_value":0,"allow_bulk_edit":0,"in_standard_filter":0,"in_preview":0,"read_only":0,"precision":"","length":0,"translatable":0,"hide_border":0,"hide_days":0,"hide_seconds":0,"non_negative":0,"is_virtual":0,"sort_options":0,"make_attachment_public":0,"doctype":"DocField"},{"name":"sqd0asaajq","creation":"2025-02-17 15:38:16.022167","modified":"2025-02-20 12:28:19.076382","modified_by":"Administrator","owner":"Administrator","docstatus":0,"parent":"Salary","parentfield":"fields","parenttype":"DocType","idx":14,"fieldname":"funding","label":"Funding ","fieldtype":"Currency","search_index":0,"show_dashboard":0,"hidden":0,"set_only_once":0,"allow_in_quick_entry":0,"print_hide":0,"report_hide":0,"reqd":0,"bold":0,"in_global_search":0,"collapsible":0,"unique":0,"no_copy":0,"allow_on_submit":0,"show_preview_popup":0,"permlevel":0,"ignore_user_permissions":0,"columns":0,"in_list_view":0,"fetch_if_empty":0,"in_filter":0,"remember_last_selected_value":0,"ignore_xss_filter":0,"print_hide_if_no_value":0,"allow_bulk_edit":0,"in_standard_filter":0,"in_preview":0,"read_only":0,"precision":"","length":0,"translatable":0,"hide_border":0,"hide_days":0,"hide_seconds":0,"non_negative":0,"is_virtual":0,"sort_options":0,"make_attachment_public":0,"doctype":"DocField"},{"name":"i6esbq9trk","creation":"2025-02-17 15:38:16.022167","modified":"2025-02-20 12:28:19.076382","modified_by":"Administrator","owner":"Administrator","docstatus":0,"parent":"Salary","parentfield":"fields","parenttype":"DocType","idx":15,"fieldname":"column_break_wd0mg","fieldtype":"Column Break","search_index":0,"show_dashboard":0,"hidden":0,"set_only_once":0,"allow_in_quick_entry":0,"print_hide":0,"report_hide":0,"reqd":0,"bold":0,"in_global_search":0,"collapsible":0,"unique":0,"no_copy":0,"allow_on_submit":0,"show_preview_popup":0,"permlevel":0,"ignore_user_permissions":0,"columns":0,"in_list_view":0,"fetch_if_empty":0,"in_filter":0,"remember_last_selected_value":0,"ignore_xss_filter":0,"print_hide_if_no_value":0,"allow_bulk_edit":0,"in_standard_filter":0,"in_preview":0,"read_only":0,"precision":"","length":0,"translatable":0,"hide_border":0,"hide_days":0,"hide_seconds":0,"non_negative":0,"is_virtual":0,"sort_options":0,"make_attachment_public":0,"doctype":"DocField"},{"name":"sqd0hfbfrd","creation":"2025-02-17 15:38:16.022167","modified":"2025-02-20 12:28:19.076382","modified_by":"Administrator","owner":"Administrator","docstatus":0,"parent":"Salary","parentfield":"fields","parenttype":"DocType","idx":16,"fieldname":"loan_and_dra_amount","label":"Loan And DRA Amount ","fieldtype":"Currency","search_index":0,"show_dashboard":0,"hidden":0,"set_only_once":0,"allow_in_quick_entry":0,"print_hide":0,"report_hide":0,"reqd":0,"bold":0,"in_global_search":0,"collapsible":0,"unique":0,"no_copy":0,"allow_on_submit":0,"show_preview_popup":0,"permlevel":0,"ignore_user_permissions":0,"columns":0,"in_list_view":0,"fetch_if_empty":0,"in_filter":0,"remember_last_selected_value":0,"ignore_xss_filter":0,"print_hide_if_no_value":0,"allow_bulk_edit":0,"in_standard_filter":0,"in_preview":0,"read_only":0,"precision":"","length":0,"translatable":0,"hide_border":0,"hide_days":0,"hide_seconds":0,"non_negative":0,"is_virtual":0,"sort_options":0,"make_attachment_public":0,"doctype":"DocField"},{"name":"sqd0ct81nd","creation":"2025-02-17 15:38:16.022167","modified":"2025-02-20 12:28:19.076382","modified_by":"Administrator","owner":"Administrator","docstatus":0,"parent":"Salary","parentfield":"fields","parenttype":"DocType","idx":17,"fieldname":"penalty","label":"Penalty ","fieldtype":"Currency","search_index":0,"show_dashboard":0,"hidden":0,"set_only_once":0,"allow_in_quick_entry":0,"print_hide":0,"report_hide":0,"reqd":0,"bold":0,"in_global_search":0,"collapsible":0,"unique":0,"no_copy":0,"allow_on_submit":0,"show_preview_popup":0,"permlevel":0,"ignore_user_permissions":0,"columns":0,"in_list_view":0,"fetch_if_empty":0,"in_filter":0,"remember_last_selected_value":0,"ignore_xss_filter":0,"print_hide_if_no_value":0,"allow_bulk_edit":0,"in_standard_filter":0,"in_preview":0,"read_only":0,"precision":"","length":0,"translatable":0,"hide_border":0,"hide_days":0,"hide_seconds":0,"non_negative":0,"is_virtual":0,"sort_options":0,"make_attachment_public":0,"doctype":"DocField"},{"name":"sqd0vbkvov","creation":"2025-02-17 15:38:16.022167","modified":"2025-02-20 12:28:19.076382","modified_by":"Administrator","owner":"Administrator","docstatus":0,"parent":"Salary","parentfield":"fields","parenttype":"DocType","idx":18,"fieldname":"total_deduction","label":"Total Deduction ","fieldtype":"Currency","search_index":0,"show_dashboard":0,"hidden":0,"set_only_once":0,"allow_in_quick_entry":0,"print_hide":0,"report_hide":0,"reqd":0,"bold":0,"in_global_search":0,"collapsible":0,"unique":0,"no_copy":0,"allow_on_submit":0,"show_preview_popup":0,"permlevel":0,"ignore_user_permissions":0,"columns":0,"in_list_view":0,"fetch_if_empty":0,"in_filter":0,"remember_last_selected_value":0,"ignore_xss_filter":0,"print_hide_if_no_value":0,"allow_bulk_edit":0,"in_standard_filter":0,"in_preview":0,"read_only":0,"precision":"","length":0,"translatable":0,"hide_border":0,"hide_days":0,"hide_seconds":0,"non_negative":0,"is_virtual":0,"sort_options":0,"make_attachment_public":0,"doctype":"DocField"},{"name":"ufc5mpljkb","creation":"2025-02-17 15:38:16.022167","modified":"2025-02-20 12:28:19.076382","modified_by":"Administrator","owner":"Administrator","docstatus":0,"parent":"Salary","parentfield":"fields","parenttype":"DocType","idx":19,"fieldname":"column_break_9h9nl","label":"Earnings","fieldtype":"Section Break","search_index":0,"show_dashboard":0,"hidden":0,"set_only_once":0,"allow_in_quick_entry":0,"print_hide":0,"report_hide":0,"reqd":0,"bold":0,"in_global_search":0,"collapsible":0,"unique":0,"no_copy":0,"allow_on_submit":0,"show_preview_popup":0,"permlevel":0,"ignore_user_permissions":0,"columns":0,"in_list_view":0,"fetch_if_empty":0,"in_filter":0,"remember_last_selected_value":0,"ignore_xss_filter":0,"print_hide_if_no_value":0,"allow_bulk_edit":0,"in_standard_filter":0,"in_preview":0,"read_only":0,"precision":"","length":0,"translatable":0,"hide_border":0,"hide_days":0,"hide_seconds":0,"non_negative":0,"is_virtual":0,"sort_options":0,"make_attachment_public":0,"doctype":"DocField"},{"name":"sqd0ahnr09","creation":"2025-02-17 15:38:16.022167","modified":"2025-02-20 12:28:19.076382","modified_by":"Administrator","owner":"Administrator","docstatus":0,"parent":"Salary","parentfield":"fields","parenttype":"DocType","idx":20,"fieldname":"paid_basic","label":"Paid Basic ","fieldtype":"Currency","search_index":0,"show_dashboard":0,"hidden":0,"set_only_once":0,"allow_in_quick_entry":0,"print_hide":0,"report_hide":0,"reqd":0,"bold":0,"in_global_search":0,"collapsible":0,"unique":0,"no_copy":0,"allow_on_submit":0,"show_preview_popup":0,"permlevel":0,"ignore_user_permissions":0,"columns":0,"in_list_view":0,"fetch_if_empty":0,"in_filter":0,"remember_last_selected_value":0,"ignore_xss_filter":0,"print_hide_if_no_value":0,"allow_bulk_edit":0,"in_standard_filter":0,"in_preview":0,"read_only":0,"precision":"","length":0,"translatable":0,"hide_border":0,"hide_days":0,"hide_seconds":0,"non_negative":0,"is_virtual":0,"sort_options":0,"fetch_from":"employee_name.cost_to_company_ctc","make_attachment_public":0,"doctype":"DocField"},{"name":"sqd0rqhs7f","creation":"2025-02-17 15:38:16.022167","modified":"2025-02-20 12:28:19.076382","modified_by":"Administrator","owner":"Administrator","docstatus":0,"parent":"Salary","parentfield":"fields","parenttype":"DocType","idx":21,"fieldname":"total_km","label":"Total KM","fieldtype":"Currency","search_index":0,"show_dashboard":0,"hidden":0,"set_only_once":0,"allow_in_quick_entry":0,"print_hide":0,"report_hide":0,"reqd":0,"bold":0,"in_global_search":0,"collapsible":0,"unique":0,"no_copy":0,"allow_on_submit":0,"show_preview_popup":0,"permlevel":0,"ignore_user_permissions":0,"columns":0,"in_list_view":0,"fetch_if_empty":0,"in_filter":0,"remember_last_selected_value":0,"ignore_xss_filter":0,"print_hide_if_no_value":0,"allow_bulk_edit":0,"in_standard_filter":0,"in_preview":0,"read_only":0,"precision":"","length":0,"translatable":0,"hide_border":0,"hide_days":0,"hide_seconds":0,"non_negative":0,"is_virtual":0,"sort_options":0,"make_attachment_public":0,"doctype":"DocField"},{"name":"sqd0q8k14k","creation":"2025-02-17 15:38:16.022167","modified":"2025-02-20 12:28:19.076382","modified_by":"Administrator","owner":"Administrator","docstatus":0,"parent":"Salary","parentfield":"fields","parenttype":"DocType","idx":22,"fieldname":"recharge","label":"Recharge","fieldtype":"Currency","search_index":0,"show_dashboard":0,"hidden":0,"set_only_once":0,"allow_in_quick_entry":0,"print_hide":0,"report_hide":0,"reqd":0,"bold":0,"in_global_search":0,"collapsible":0,"unique":0,"no_copy":0,"allow_on_submit":0,"show_preview_popup":0,"permlevel":0,"ignore_user_permissions":0,"columns":0,"in_list_view":0,"fetch_if_empty":0,"in_filter":0,"remember_last_selected_value":0,"ignore_xss_filter":0,"print_hide_if_no_value":0,"allow_bulk_edit":0,"in_standard_filter":0,"in_preview":0,"read_only":0,"precision":"","length":0,"translatable":0,"hide_border":0,"hide_days":0,"hide_seconds":0,"non_negative":0,"is_virtual":0,"sort_options":0,"make_attachment_public":0,"doctype":"DocField"},{"name":"sqd0etj62p","creation":"2025-02-17 15:38:16.022167","modified":"2025-02-20 12:28:19.076382","modified_by":"Administrator","owner":"Administrator","docstatus":0,"parent":"Salary","parentfield":"fields","parenttype":"DocType","idx":23,"fieldname":"km_45","label":"KM /45","fieldtype":"Currency","search_index":0,"show_dashboard":0,"hidden":1,"set_only_once":0,"allow_in_quick_entry":0,"print_hide":0,"report_hide":0,"reqd":0,"bold":0,"in_global_search":0,"collapsible":0,"unique":0,"no_copy":0,"allow_on_submit":0,"show_preview_popup":0,"permlevel":0,"ignore_user_permissions":0,"columns":0,"in_list_view":0,"fetch_if_empty":0,"in_filter":0,"remember_last_selected_value":0,"ignore_xss_filter":0,"print_hide_if_no_value":0,"allow_bulk_edit":0,"in_standard_filter":0,"in_preview":0,"read_only":0,"precision":"","length":0,"translatable":0,"hide_border":0,"hide_days":0,"hide_seconds":0,"non_negative":0,"is_virtual":0,"sort_options":0,"make_attachment_public":0,"doctype":"DocField"},{"name":"sqd0rf7p72","creation":"2025-02-17 15:38:16.022167","modified":"2025-02-20 12:28:19.076382","modified_by":"Administrator","owner":"Administrator","docstatus":0,"parent":"Salary","parentfield":"fields","parenttype":"DocType","idx":24,"fieldname":"travel_exp","label":"Travel Exp ","fieldtype":"Currency","search_index":0,"show_dashboard":0,"hidden":0,"set_only_once":0,"allow_in_quick_entry":0,"print_hide":0,"report_hide":0,"reqd":0,"bold":0,"in_global_search":0,"collapsible":0,"unique":0,"no_copy":0,"allow_on_submit":0,"show_preview_popup":0,"permlevel":0,"ignore_user_permissions":0,"columns":0,"in_list_view":0,"fetch_if_empty":0,"in_filter":0,"remember_last_selected_value":0,"ignore_xss_filter":0,"print_hide_if_no_value":0,"allow_bulk_edit":0,"in_standard_filter":0,"in_preview":0,"read_only":0,"precision":"","length":0,"translatable":0,"hide_border":0,"hide_days":0,"hide_seconds":0,"non_negative":0,"is_virtual":0,"sort_options":0,"make_attachment_public":0,"doctype":"DocField"},{"name":"sqd0409jeb","creation":"2025-02-17 15:38:16.022167","modified":"2025-02-20 12:28:19.076382","modified_by":"Administrator","owner":"Administrator","docstatus":0,"parent":"Salary","parentfield":"fields","parenttype":"DocType","idx":25,"fieldname":"incentive","label":"Incentive ","fieldtype":"Currency","search_index":0,"show_dashboard":0,"hidden":0,"set_only_once":0,"allow_in_quick_entry":0,"print_hide":0,"report_hide":0,"reqd":0,"bold":0,"in_global_search":0,"collapsible":0,"unique":0,"no_copy":0,"allow_on_submit":0,"show_preview_popup":0,"permlevel":0,"ignore_user_permissions":0,"columns":0,"in_list_view":0,"fetch_if_empty":0,"in_filter":0,"remember_last_selected_value":0,"ignore_xss_filter":0,"print_hide_if_no_value":0,"allow_bulk_edit":0,"in_standard_filter":0,"in_preview":0,"read_only":0,"precision":"","length":0,"translatable":0,"hide_border":0,"hide_days":0,"hide_seconds":0,"non_negative":0,"is_virtual":0,"sort_options":0,"make_attachment_public":0,"doctype":"DocField"},{"name":"i6tsvu4s1c","creation":"2025-02-17 15:38:16.022167","modified":"2025-02-20 12:28:19.076382","modified_by":"Administrator","owner":"Administrator","docstatus":0,"parent":"Salary","parentfield":"fields","parenttype":"DocType","idx":26,"fieldname":"column_break_rhtoq","fieldtype":"Column Break","search_index":0,"show_dashboard":0,"hidden":0,"set_only_once":0,"allow_in_quick_entry":0,"print_hide":0,"report_hide":0,"reqd":0,"bold":0,"in_global_search":0,"collapsible":0,"unique":0,"no_copy":0,"allow_on_submit":0,"show_preview_popup":0,"permlevel":0,"ignore_user_permissions":0,"columns":0,"in_list_view":0,"fetch_if_empty":0,"in_filter":0,"remember_last_selected_value":0,"ignore_xss_filter":0,"print_hide_if_no_value":0,"allow_bulk_edit":0,"in_standard_filter":0,"in_preview":0,"read_only":0,"precision":"","length":0,"translatable":0,"hide_border":0,"hide_days":0,"hide_seconds":0,"non_negative":0,"is_virtual":0,"sort_options":0,"make_attachment_public":0,"doctype":"DocField"},{"name":"sqd0bhc2f1","creation":"2025-02-17 15:38:16.022167","modified":"2025-02-20 12:28:19.076382","modified_by":"Administrator","owner":"Administrator","docstatus":0,"parent":"Salary","parentfield":"fields","parenttype":"DocType","idx":27,"fieldname":"verification","label":"Verification","fieldtype":"Currency","search_index":0,"show_dashboard":0,"hidden":0,"set_only_once":0,"allow_in_quick_entry":0,"print_hide":0,"report_hide":0,"reqd":0,"bold":0,"in_global_search":0,"collapsible":0,"unique":0,"no_copy":0,"allow_on_submit":0,"show_preview_popup":0,"permlevel":0,"ignore_user_permissions":0,"columns":0,"in_list_view":0,"fetch_if_empty":0,"in_filter":0,"remember_last_selected_value":0,"ignore_xss_filter":0,"print_hide_if_no_value":0,"allow_bulk_edit":0,"in_standard_filter":0,"in_preview":0,"read_only":0,"precision":"","length":0,"translatable":0,"hide_border":0,"hide_days":0,"hide_seconds":0,"non_negative":0,"is_virtual":0,"sort_options":0,"make_attachment_public":0,"doctype":"DocField"},{"name":"sqd070er06","creation":"2025-02-17 15:38:16.022167","modified":"2025-02-20 12:28:19.076382","modified_by":"Administrator","owner":"Administrator","docstatus":0,"parent":"Salary","parentfield":"fields","parenttype":"DocType","idx":28,"fieldname":"petrol_allowance","label":"Petrol Allowance","fieldtype":"Currency","search_index":0,"show_dashboard":0,"hidden":0,"set_only_once":0,"allow_in_quick_entry":0,"print_hide":0,"report_hide":0,"reqd":0,"bold":0,"in_global_search":0,"collapsible":0,"unique":0,"no_copy":0,"allow_on_submit":0,"show_preview_popup":0,"permlevel":0,"ignore_user_permissions":0,"columns":0,"in_list_view":0,"fetch_if_empty":0,"in_filter":0,"remember_last_selected_value":0,"ignore_xss_filter":0,"print_hide_if_no_value":0,"allow_bulk_edit":0,"in_standard_filter":0,"in_preview":0,"read_only":0,"precision":"","length":0,"translatable":0,"hide_border":0,"hide_days":0,"hide_seconds":0,"non_negative":0,"is_virtual":0,"sort_options":0,"make_attachment_public":0,"doctype":"DocField"},{"name":"sqd0fe5si7","creation":"2025-02-17 15:38:16.022167","modified":"2025-02-20 12:28:19.076382","modified_by":"Administrator","owner":"Administrator","docstatus":0,"parent":"Salary","parentfield":"fields","parenttype":"DocType","idx":29,"fieldname":"ref_bonus","label":"Ref Bonus","fieldtype":"Currency","search_index":0,"show_dashboard":0,"hidden":0,"set_only_once":0,"allow_in_quick_entry":0,"print_hide":0,"report_hide":0,"reqd":0,"bold":0,"in_global_search":0,"collapsible":0,"unique":0,"no_copy":0,"allow_on_submit":0,"show_preview_popup":0,"permlevel":0,"ignore_user_permissions":0,"columns":0,"in_list_view":0,"fetch_if_empty":0,"in_filter":0,"remember_last_selected_value":0,"ignore_xss_filter":0,"print_hide_if_no_value":0,"allow_bulk_edit":0,"in_standard_filter":0,"in_preview":0,"read_only":0,"precision":"","length":0,"translatable":0,"hide_border":0,"hide_days":0,"hide_seconds":0,"non_negative":0,"is_virtual":0,"sort_options":0,"make_attachment_public":0,"doctype":"DocField"},{"name":"btfvcdhkbd","creation":"2025-02-17 15:38:16.022167","modified":"2025-02-20 12:28:19.076382","modified_by":"Administrator","owner":"Administrator","docstatus":0,"parent":"Salary","parentfield":"fields","parenttype":"DocType","idx":30,"fieldname":"total_leave","label":"Total Leave ","fieldtype":"Currency","search_index":0,"show_dashboard":0,"hidden":0,"set_only_once":0,"allow_in_quick_entry":0,"print_hide":0,"report_hide":0,"reqd":0,"bold":0,"in_global_search":0,"collapsible":0,"unique":0,"no_copy":0,"allow_on_submit":0,"show_preview_popup":0,"permlevel":0,"ignore_user_permissions":0,"columns":0,"in_list_view":0,"fetch_if_empty":0,"in_filter":0,"remember_last_selected_value":0,"ignore_xss_filter":0,"print_hide_if_no_value":0,"allow_bulk_edit":0,"in_standard_filter":0,"in_preview":0,"read_only":0,"precision":"","length":0,"translatable":0,"hide_border":0,"hide_days":0,"hide_seconds":0,"non_negative":0,"is_virtual":0,"sort_options":0,"make_attachment_public":0,"doctype":"DocField"},{"name":"sqd0ilbfvn","creation":"2025-02-17 15:38:16.022167","modified":"2025-02-20 12:28:19.076382","modified_by":"Administrator","owner":"Administrator","docstatus":0,"parent":"Salary","parentfield":"fields","parenttype":"DocType","idx":31,"fieldname":"net_salary","label":"Net Salary","fieldtype":"Currency","search_index":0,"show_dashboard":0,"hidden":0,"set_only_once":0,"allow_in_quick_entry":0,"print_hide":0,"report_hide":0,"reqd":0,"bold":0,"in_global_search":0,"collapsible":0,"unique":0,"no_copy":0,"allow_on_submit":0,"show_preview_popup":0,"permlevel":0,"ignore_user_permissions":0,"columns":0,"in_list_view":0,"fetch_if_empty":0,"in_filter":0,"remember_last_selected_value":0,"ignore_xss_filter":0,"print_hide_if_no_value":0,"allow_bulk_edit":0,"in_standard_filter":0,"in_preview":0,"read_only":0,"precision":"","length":0,"translatable":0,"hide_border":0,"hide_days":0,"hide_seconds":0,"non_negative":0,"is_virtual":0,"sort_options":0,"make_attachment_public":0,"doctype":"DocField"},{"name":"ufc5s2qnrc","creation":"2025-02-17 15:38:16.022167","modified":"2025-02-20 12:28:19.076382","modified_by":"Administrator","owner":"Administrator","docstatus":0,"parent":"Salary","parentfield":"fields","parenttype":"DocType","idx":32,"fieldname":"column_break_mw6ol","fieldtype":"Section Break","search_index":0,"show_dashboard":0,"hidden":0,"set_only_once":0,"allow_in_quick_entry":0,"print_hide":0,"report_hide":0,"reqd":0,"bold":0,"in_global_search":0,"collapsible":0,"unique":0,"no_copy":0,"allow_on_submit":0,"show_preview_popup":0,"permlevel":0,"ignore_user_permissions":0,"columns":0,"in_list_view":0,"fetch_if_empty":0,"in_filter":0,"remember_last_selected_value":0,"ignore_xss_filter":0,"print_hide_if_no_value":0,"allow_bulk_edit":0,"in_standard_filter":0,"in_preview":0,"read_only":0,"precision":"","length":0,"translatable":0,"hide_border":0,"hide_days":0,"hide_seconds":0,"non_negative":0,"is_virtual":0,"sort_options":0,"make_attachment_public":0,"doctype":"DocField"},{"name":"sqd0fj9313","creation":"2025-02-17 15:38:16.022167","modified":"2025-02-20 12:28:19.076382","modified_by":"Administrator","owner":"Administrator","docstatus":0,"parent":"Salary","parentfield":"fields","parenttype":"DocType","idx":33,"fieldname":"paid__salary","label":"Paid  Salary","fieldtype":"Currency","search_index":0,"show_dashboard":0,"hidden":0,"set_only_once":0,"allow_in_quick_entry":0,"print_hide":0,"report_hide":0,"reqd":0,"bold":0,"in_global_search":0,"collapsible":0,"unique":0,"no_copy":0,"allow_on_submit":0,"show_preview_popup":0,"permlevel":0,"ignore_user_permissions":0,"columns":0,"in_list_view":0,"fetch_if_empty":0,"in_filter":0,"remember_last_selected_value":0,"ignore_xss_filter":0,"print_hide_if_no_value":0,"allow_bulk_edit":0,"in_standard_filter":0,"in_preview":0,"read_only":0,"precision":"","length":0,"translatable":0,"hide_border":0,"hide_days":0,"hide_seconds":0,"non_negative":0,"is_virtual":0,"sort_options":0,"make_attachment_public":0,"doctype":"DocField"},{"name":"i9cce067gj","creation":"2025-02-17 15:38:16.022167","modified":"2025-02-20 12:28:19.076382","modified_by":"Administrator","owner":"Administrator","docstatus":0,"parent":"Salary","parentfield":"fields","parenttype":"DocType","idx":34,"fieldname":"column_break_fi6go","fieldtype":"Column Break","search_index":0,"show_dashboard":0,"hidden":0,"set_only_once":0,"allow_in_quick_entry":0,"print_hide":0,"report_hide":0,"reqd":0,"bold":0,"in_global_search":0,"collapsible":0,"unique":0,"no_copy":0,"allow_on_submit":0,"show_preview_popup":0,"permlevel":0,"ignore_user_permissions":0,"columns":0,"in_list_view":0,"fetch_if_empty":0,"in_filter":0,"remember_last_selected_value":0,"ignore_xss_filter":0,"print_hide_if_no_value":0,"allow_bulk_edit":0,"in_standard_filter":0,"in_preview":0,"read_only":0,"precision":"","length":0,"translatable":0,"hide_border":0,"hide_days":0,"hide_seconds":0,"non_negative":0,"is_virtual":0,"sort_options":0,"make_attachment_public":0,"doctype":"DocField"},{"name":"sqd01mfhaf","creation":"2025-02-17 15:38:16.022167","modified":"2025-02-20 12:28:19.076382","modified_by":"Administrator","owner":"Administrator","docstatus":0,"parent":"Salary","parentfield":"fields","parenttype":"DocType","idx":35,"fieldname":"status","label":"Status","fieldtype":"Select","options":"\\nOK\\nHOLD","search_index":0,"show_dashboard":0,"hidden":0,"set_only_once":0,"allow_in_quick_entry":0,"print_hide":0,"report_hide":0,"reqd":0,"bold":0,"in_global_search":0,"collapsible":0,"unique":0,"no_copy":0,"allow_on_submit":0,"show_preview_popup":0,"permlevel":0,"ignore_user_permissions":0,"columns":0,"in_list_view":0,"fetch_if_empty":0,"in_filter":0,"remember_last_selected_value":0,"ignore_xss_filter":0,"print_hide_if_no_value":0,"allow_bulk_edit":0,"in_standard_filter":0,"in_preview":0,"read_only":0,"precision":"","length":0,"translatable":0,"hide_border":0,"hide_days":0,"hide_seconds":0,"non_negative":0,"is_virtual":0,"sort_options":0,"make_attachment_public":0,"doctype":"DocField"}],"actions":[],"states":[],"permissions":[{"name":"sqd05ri0jq","creation":"2025-02-17 15:38:16.022167","modified":"2025-02-20 12:28:19.076382","modified_by":"Administrator","owner":"Administrator","docstatus":0,"parent":"Salary","parentfield":"permissions","parenttype":"DocType","idx":1,"permlevel":0,"role":"System Manager","read":1,"write":1,"create":1,"submit":0,"cancel":0,"delete":1,"amend":0,"report":1,"export":1,"import":0,"share":1,"print":1,"email":1,"if_owner":0,"select":0,"set_user_permissions":0,"doctype":"DocPerm"}],"links":[],"__last_sync_on":"2025-02-20T06:58:30.781Z","__unsaved":1}', 'action': 'Save', 'cmd': 'frappe.desk.form.save.savedocs'}
Traceback (most recent call last):
  File "/home/frappeusererp/erpnext-demo/apps/frappe/frappe/database/mariadb/schema.py", line 118, in alter
    frappe.db.sql_ddl(query)
  File "/home/frappeusererp/erpnext-demo/apps/frappe/frappe/database/database.py", line 431, in sql_ddl
    self.sql(query, debug=debug)
  File "/home/frappeusererp/erpnext-demo/apps/frappe/frappe/database/database.py", line 244, in sql
    self._cursor.execute(query, values)
  File "/home/frappeusererp/erpnext-demo/env/lib/python3.10/site-packages/pymysql/cursors.py", line 153, in execute
    result = self._query(query)
  File "/home/frappeusererp/erpnext-demo/env/lib/python3.10/site-packages/pymysql/cursors.py", line 322, in _query
    conn.query(q)
  File "/home/frappeusererp/erpnext-demo/env/lib/python3.10/site-packages/pymysql/connections.py", line 563, in query
    self._affected_rows = self._read_query_result(unbuffered=unbuffered)
  File "/home/frappeusererp/erpnext-demo/env/lib/python3.10/site-packages/pymysql/connections.py", line 825, in _read_query_result
    result.read()
  File "/home/frappeusererp/erpnext-demo/env/lib/python3.10/site-packages/pymysql/connections.py", line 1199, in read
    first_packet = self.connection._read_packet()
  File "/home/frappeusererp/erpnext-demo/env/lib/python3.10/site-packages/pymysql/connections.py", line 775, in _read_packet
    packet.raise_for_error()
  File "/home/frappeusererp/erpnext-demo/env/lib/python3.10/site-packages/pymysql/protocol.py", line 219, in raise_for_error
    err.raise_mysql_exception(self._data)
  File "/home/frappeusererp/erpnext-demo/env/lib/python3.10/site-packages/pymysql/err.py", line 150, in raise_mysql_exception
    raise errorclass(errno, errval)
pymysql.err.OperationalError: (1067, "Invalid default value for 'date'")

During handling of the above exception, another exception occurred:

Traceback (most recent call last):
  File "/home/frappeusererp/erpnext-demo/apps/frappe/frappe/core/doctype/doctype/doctype.py", line 388, in on_update
    frappe.db.updatedb(self.name, Meta(self))
  File "/home/frappeusererp/erpnext-demo/apps/frappe/frappe/database/mariadb/database.py", line 423, in updatedb
    db_table.sync()
  File "/home/frappeusererp/erpnext-demo/apps/frappe/frappe/database/schema.py", line 44, in sync
    self.alter()
  File "/home/frappeusererp/erpnext-demo/apps/frappe/frappe/database/mariadb/schema.py", line 122, in alter
    print(f"Failed to alter schema using query: {query}")
BrokenPipeError: [Errno 32] Broken pipe

During handling of the above exception, another exception occurred:

Traceback (most recent call last):
  File "/home/frappeusererp/erpnext-demo/apps/frappe/frappe/app.py", line 97, in application
    response = frappe.api.handle()
  File "/home/frappeusererp/erpnext-demo/apps/frappe/frappe/api.py", line 55, in handle
    return frappe.handler.handle()
  File "/home/frappeusererp/erpnext-demo/apps/frappe/frappe/handler.py", line 48, in handle
    data = execute_cmd(cmd)
  File "/home/frappeusererp/erpnext-demo/apps/frappe/frappe/handler.py", line 86, in execute_cmd
    return frappe.call(method, **frappe.form_dict)
  File "/home/frappeusererp/erpnext-demo/apps/frappe/frappe/__init__.py", line 1619, in call
    return fn(*args, **newargs)
  File "/home/frappeusererp/erpnext-demo/apps/frappe/frappe/desk/form/save.py", line 31, in savedocs
    doc.save()
  File "/home/frappeusererp/erpnext-demo/apps/frappe/frappe/model/document.py", line 310, in save
    return self._save(*args, **kwargs)
  File "/home/frappeusererp/erpnext-demo/apps/frappe/frappe/model/document.py", line 362, in _save
    self.run_post_save_methods()
  File "/home/frappeusererp/erpnext-demo/apps/frappe/frappe/model/document.py", line 1098, in run_post_save_methods
    self.run_method("on_update")
  File "/home/frappeusererp/erpnext-demo/apps/frappe/frappe/model/document.py", line 931, in run_method
    out = Document.hook(fn)(self, *args, **kwargs)
  File "/home/frappeusererp/erpnext-demo/apps/frappe/frappe/model/document.py", line 1283, in composer
    return composed(self, method, *args, **kwargs)
  File "/home/frappeusererp/erpnext-demo/apps/frappe/frappe/model/document.py", line 1265, in runner
    add_to_return_value(self, fn(self, *args, **kwargs))
  File "/home/frappeusererp/erpnext-demo/apps/frappe/frappe/model/document.py", line 928, in fn
    return method_object(*args, **kwargs)
  File "/home/frappeusererp/erpnext-demo/apps/frappe/frappe/core/doctype/doctype/doctype.py", line 390, in on_update
    print(f"\n\nThere was an issue while migrating the DocType: {self.name}\n")
BrokenPipeError: [Errno 32] Broken pipe

During handling of the above exception, another exception occurred:

Traceback (most recent call last):
  File "/home/frappeusererp/erpnext-demo/apps/frappe/frappe/utils/error.py", line 60, in make_error_snapshot
    snapshot = get_snapshot(exception)
  File "/home/frappeusererp/erpnext-demo/apps/frappe/frappe/utils/error.py", line 153, in get_snapshot
    value = pydoc.text.repr(getattr(evalue, name))
AttributeError: characters_written
